Sat Oct  4 21:15:06 +07 2025: Kiểm tra iCloud processes...
Sat Oct  4 21:15:06 +07 2025: Tìm thấy bird process, đang kill...
Sat Oct  4 21:15:06 +07 2025: Đã kill bird
Sat Oct  4 21:15:06 +07 2025: Tìm thấy fileproviderd process, đang kill...
Sat Oct  4 21:15:06 +07 2025: Đã kill fileproviderd
Sat Oct  4 21:15:06 +07 2025: Tìm thấy cloudd process, đang kill...
Sat Oct  4 21:15:06 +07 2025: Đã kill cloudd
Sat Oct  4 21:15:06 +07 2025: CPU usage cao: 280.6%, kiểm tra iCloud...
Sat Oct  4 21:15:06 +07 2025: Đã kill tất cả iCloud processes
Sat Oct  4 21:15:06 +07 2025: Hoàn thành kiểm tra
Sat Oct  4 21:15:10 +07 2025: Kiểm tra iCloud processes...
Sat Oct  4 21:15:10 +07 2025: Tìm thấy bird process, đang kill...
Sat Oct  4 21:15:10 +07 2025: Đã kill bird
Sat Oct  4 21:15:10 +07 2025: Tìm thấy fileproviderd process, đang kill...
Sat Oct  4 21:15:10 +07 2025: Đã kill fileproviderd
Sat Oct  4 21:15:10 +07 2025: Tìm thấy cloudd process, đang kill...
Sat Oct  4 21:15:10 +07 2025: Đã kill cloudd
Sat Oct  4 21:15:10 +07 2025: CPU usage cao: 327.7%, kiểm tra iCloud...
Sat Oct  4 21:15:11 +07 2025: Đã kill tất cả iCloud processes
Sat Oct  4 21:15:11 +07 2025: Hoàn thành kiểm tra
Sat Oct  4 21:15:16 +07 2025: Kiểm tra iCloud processes...
Sat Oct  4 21:15:16 +07 2025: CPU usage cao: 205.7%, kiểm tra iCloud...
Sat Oct  4 21:15:16 +07 2025: Đã kill tất cả iCloud processes
Sat Oct  4 21:15:16 +07 2025: Hoàn thành kiểm tra
Sat Oct  4 21:15:26 +07 2025: Kiểm tra iCloud processes...
Sat Oct  4 21:15:26 +07 2025: Tìm thấy fileproviderd process, đang kill...
Sat Oct  4 21:15:26 +07 2025: Đã kill fileproviderd
Sat Oct  4 21:15:26 +07 2025: CPU usage cao: 527%, kiểm tra iCloud...
Sat Oct  4 21:15:26 +07 2025: Đã kill tất cả iCloud processes
Sat Oct  4 21:15:26 +07 2025: Hoàn thành kiểm tra
Sat Oct  4 21:15:37 +07 2025: Kiểm tra iCloud processes...
Sat Oct  4 21:15:37 +07 2025: Tìm thấy bird process, đang kill...
Sat Oct  4 21:15:37 +07 2025: Đã kill bird
Sat Oct  4 21:15:37 +07 2025: Tìm thấy fileproviderd process, đang kill...
Sat Oct  4 21:15:37 +07 2025: Đã kill fileproviderd
Sat Oct  4 21:15:37 +07 2025: Tìm thấy cloudd process, đang kill...
Sat Oct  4 21:15:37 +07 2025: Đã kill cloudd
Sat Oct  4 21:15:37 +07 2025: CPU usage cao: 197.6%, kiểm tra iCloud...
Sat Oct  4 21:15:37 +07 2025: Đã kill tất cả iCloud processes
Sat Oct  4 21:15:37 +07 2025: Hoàn thành kiểm tra
Sat Oct  4 21:15:47 +07 2025: Kiểm tra iCloud processes...
Sat Oct  4 21:15:47 +07 2025: Tìm thấy bird process, đang kill...
Sat Oct  4 21:15:47 +07 2025: Đã kill bird
Sat Oct  4 21:15:47 +07 2025: Tìm thấy fileproviderd process, đang kill...
Sat Oct  4 21:15:47 +07 2025: Đã kill fileproviderd
Sat Oct  4 21:15:47 +07 2025: Tìm thấy cloudd process, đang kill...
Sat Oct  4 21:15:47 +07 2025: Đã kill cloudd
Sat Oct  4 21:15:47 +07 2025: CPU usage cao: 234.4%, kiểm tra iCloud...
Sat Oct  4 21:15:47 +07 2025: Đã kill tất cả iCloud processes
Sat Oct  4 21:15:47 +07 2025: Hoàn thành kiểm tra
Sat Oct  4 21:15:57 +07 2025: Kiểm tra iCloud processes...
Sat Oct  4 21:15:57 +07 2025: Tìm thấy bird process, đang kill...
Sat Oct  4 21:15:57 +07 2025: Đã kill bird
Sat Oct  4 21:15:57 +07 2025: Tìm thấy fileproviderd process, đang kill...
Sat Oct  4 21:15:58 +07 2025: Đã kill fileproviderd
Sat Oct  4 21:15:58 +07 2025: Tìm thấy cloudd process, đang kill...
Sat Oct  4 21:15:58 +07 2025: Đã kill cloudd
Sat Oct  4 21:15:58 +07 2025: CPU usage cao: 248.7%, kiểm tra iCloud...
Sat Oct  4 21:15:58 +07 2025: Đã kill tất cả iCloud processes
Sat Oct  4 21:15:58 +07 2025: Hoàn thành kiểm tra
Sat Oct  4 21:16:08 +07 2025: Kiểm tra iCloud processes...
Sat Oct  4 21:16:08 +07 2025: Tìm thấy bird process, đang kill...
Sat Oct  4 21:16:08 +07 2025: Đã kill bird
Sat Oct  4 21:16:08 +07 2025: Tìm thấy fileproviderd process, đang kill...
Sat Oct  4 21:16:08 +07 2025: Đã kill fileproviderd
Sat Oct  4 21:16:08 +07 2025: Tìm thấy cloudd process, đang kill...
Sat Oct  4 21:16:08 +07 2025: Đã kill cloudd
Sat Oct  4 21:16:08 +07 2025: CPU usage cao: 243.7%, kiểm tra iCloud...
Sat Oct  4 21:16:08 +07 2025: Đã kill tất cả iCloud processes
Sat Oct  4 21:16:08 +07 2025: Hoàn thành kiểm tra
Sat Oct  4 21:16:18 +07 2025: Kiểm tra iCloud processes...
Sat Oct  4 21:16:18 +07 2025: Tìm thấy bird process, đang kill...
Sat Oct  4 21:16:18 +07 2025: Đã kill bird
Sat Oct  4 21:16:18 +07 2025: Tìm thấy fileproviderd process, đang kill...
Sat Oct  4 21:16:18 +07 2025: Đã kill fileproviderd
Sat Oct  4 21:16:18 +07 2025: Tìm thấy cloudd process, đang kill...
Sat Oct  4 21:16:18 +07 2025: Đã kill cloudd
Sat Oct  4 21:16:18 +07 2025: CPU usage cao: 171.3%, kiểm tra iCloud...
Sat Oct  4 21:16:18 +07 2025: Đã kill tất cả iCloud processes
Sat Oct  4 21:16:18 +07 2025: Hoàn thành kiểm tra
Sat Oct  4 21:16:23 +07 2025: CPU: 182.6%, iCloud processes:        0
Sat Oct  4 21:16:23 +07 2025: Killed bird
Sat Oct  4 21:16:23 +07 2025: Killed fileproviderd
Sat Oct  4 21:16:23 +07 2025: Killed cloudd
